[debug] [2020-04-20T07:09:42.785Z] ----------------------------------------------------------------------
[debug] [2020-04-20T07:09:42.789Z] Command:       /Users/eisuke-gonza/.nodebrew/node/v8.13.0/bin/node /Users/eisuke-gonza/.nodebrew/current/bin/firebase emulators:start --only functions
[debug] [2020-04-20T07:09:42.790Z] CLI Version:   8.0.2
[debug] [2020-04-20T07:09:42.790Z] Platform:      darwin
[debug] [2020-04-20T07:09:42.790Z] Node Version:  v8.13.0
[debug] [2020-04-20T07:09:42.791Z] Time:          Mon Apr 20 2020 16:09:42 GMT+0900 (JST)
[debug] [2020-04-20T07:09:42.791Z] ----------------------------------------------------------------------
[debug] [2020-04-20T07:09:42.791Z] 
[debug] [2020-04-20T07:09:42.813Z] > command requires scopes: ["email","openid","https://www.googleapis.com/auth/cloudplatformprojects.readonly","https://www.googleapis.com/auth/firebase","https://www.googleapis.com/auth/cloud-platform"]
[debug] [2020-04-20T07:09:42.813Z] > authorizing via signed-in user
[info] i  emulators: Starting emulators: functions
[debug] [2020-04-20T07:09:42.923Z] [hub] writing locator at /var/folders/kk/8949y8yj0t1c5gc470gmpv6c0000gn/T/hub-ore-ore.json
[info] ✔  hub: emulator hub started at http://localhost:4400
[info] ✔  functions: Using node@8 from host.
[info] ✔  functions: functions emulator started at http://localhost:5001
[info] i  functions: Watching "/Users/eisuke-gonza/seattle-academy20/portfolio/functions" for Cloud Functions...
[debug] [2020-04-20T07:09:43.295Z] [worker-pool] addWorker(~diagnostic~) 
[debug] [2020-04-20T07:09:43.296Z] [worker-pool] Adding worker with key ~diagnostic~, total=1 
[debug] [2020-04-20T07:09:43.296Z] [worker-pool] submitWork(triggerId=) 
[debug] [2020-04-20T07:09:43.297Z] [worker-~diagnostic~-3a961976-6001-4a10-8cd1-0cfbb6cfbd4b]: Assigning socketPath: /var/folders/kk/8949y8yj0t1c5gc470gmpv6c0000gn/T/fire_emu_84796.sock 
[debug] [2020-04-20T07:09:43.313Z] [worker-~diagnostic~-3a961976-6001-4a10-8cd1-0cfbb6cfbd4b]: BUSY 
[debug] [2020-04-20T07:09:44.952Z] [runtime-status] [84796] Functions runtime initialized. {"cwd":"/Users/eisuke-gonza/seattle-academy20/portfolio/functions","node_version":"8.13.0"} 
[debug] [2020-04-20T07:09:44.958Z] [runtime-status] [84796] Disabled runtime features: undefined 
[debug] [2020-04-20T07:09:44.965Z] [runtime-status] [84796] Resolved module firebase-admin {"declared":true,"installed":true,"version":"8.10.0","resolution":"/Users/eisuke-gonza/seattle-academy20/portfolio/functions/node_modules/firebase-admin/lib/index.js"} 
[debug] [2020-04-20T07:09:44.974Z] [runtime-status] [84796] Resolved module firebase-functions {"declared":true,"installed":true,"version":"3.6.0","resolution":"/Users/eisuke-gonza/seattle-academy20/portfolio/functions/node_modules/firebase-functions/lib/index.js"} 
[debug] [2020-04-20T07:09:44.988Z] [runtime-status] [84796] Outgoing network have been stubbed. [{"name":"http","status":"mocked"},{"name":"http","status":"mocked"},{"name":"https","status":"mocked"},{"name":"https","status":"mocked"},{"name":"net","status":"mocked"}] 
[debug] [2020-04-20T07:09:45.192Z] [runtime-status] [84796] Checked functions.config() {"config":{}} 
[debug] [2020-04-20T07:09:45.194Z] [runtime-status] [84796] Resolved module firebase-functions {"declared":true,"installed":true,"version":"3.6.0","resolution":"/Users/eisuke-gonza/seattle-academy20/portfolio/functions/node_modules/firebase-functions/lib/index.js"} 
[debug] [2020-04-20T07:09:45.195Z] [runtime-status] [84796] Resolved module firebase-admin {"declared":true,"installed":true,"version":"8.10.0","resolution":"/Users/eisuke-gonza/seattle-academy20/portfolio/functions/node_modules/firebase-admin/lib/index.js"} 
[debug] [2020-04-20T07:09:45.196Z] [runtime-status] [84796] Resolved module firebase-functions {"declared":true,"installed":true,"version":"3.6.0","resolution":"/Users/eisuke-gonza/seattle-academy20/portfolio/functions/node_modules/firebase-functions/lib/index.js"} 
[debug] [2020-04-20T07:09:45.196Z] [runtime-status] [84796] firebase-admin has been stubbed. {"adminResolution":{"declared":true,"installed":true,"version":"8.10.0","resolution":"/Users/eisuke-gonza/seattle-academy20/portfolio/functions/node_modules/firebase-admin/lib/index.js"}} 
[warn] ⚠  ReferenceError: Vuex is not defined
    at Object.<anonymous> (/Users/eisuke-gonza/seattle-academy20/portfolio/functions/index.js:7:15)
    at Module._compile (module.js:653:30)
    at Object.Module._extensions..js (module.js:664:10)
    at Module.load (module.js:566:32)
    at tryModuleLoad (module.js:506:12)
    at Function.Module._load (module.js:498:3)
    at Module.require (module.js:597:17)
    at require (internal/module.js:11:18)
    at /Users/eisuke-gonza/.nodebrew/node/v8.13.0/lib/node_modules/firebase-tools/lib/emulator/functionsEmulatorRuntime.js:656:33
    at Generator.next (<anonymous>)
[warn] ⚠  We were unable to load your functions code. (see above)
[debug] [2020-04-20T07:09:45.652Z] [worker-~diagnostic~-3a961976-6001-4a10-8cd1-0cfbb6cfbd4b]: exited 
[debug] [2020-04-20T07:09:45.652Z] [worker-~diagnostic~-3a961976-6001-4a10-8cd1-0cfbb6cfbd4b]: FINISHED 
